INFO 2025-12-26 08:53:51,294 autoreload   13140 4212 Watching for file changes with StatReloader
INFO 2025-12-26 08:57:05,255 autoreload   13492 13460 Watching for file changes with StatReloader
INFO 2025-12-26 08:58:22,182 task_manager 13492 15232 Creating new thread for device VMOS001
INFO 2025-12-26 08:58:22,183 task_manager 13492 16336 Device thread started for device VMOS001
INFO 2025-12-26 08:58:22,184 task_manager 13492 15232 Added task task_1766710702182_1 to device VMOS001 queue
INFO 2025-12-26 08:58:22,185 task_manager 13492 16336 Executing task task_1766710702182_1 for device VMOS001
INFO 2025-12-26 08:58:22,187 views        13492 15232 Task task_1766710702182_1 added to device VMOS001 queue. Current queue size: 0
INFO 2025-12-26 08:58:22,191 views        13492 16336 连接设备VMOS001
INFO 2025-12-26 08:58:23,094 vmos         13492 16336 {'username': '10.8.2.30_1766665945968', 'hostname': '129.227.134.130', 'port': '1824', 'local_port': '7352', 'remote_host': 'adb-proxy', 'remote_port': '25091', 'password': '0poAU+yK7h9jYBTG0R918ULtIz4Qf4k9txWXtGlk2aHcEWM1WEkigTgyeEaBB1TZQMsAPKUJw4ntpuNBMN1OmQ=='}
INFO 2025-12-26 08:58:23,113 connect_device 13492 16336 正在为设备 VMOS001 创建SSH连接: 10.8.2.30_1766665945968@129.227.134.130:1824
INFO 2025-12-26 08:58:23,116 connect_device 13492 16336 端口转发配置: localhost:7352 -> adb-proxy:25091
INFO 2025-12-26 08:58:23,889 transport    13492 15704 Connected (version 2.0, client OpenSSH_9.6p1)
INFO 2025-12-26 08:58:25,245 transport    13492 15704 Authentication (password) successful!
INFO 2025-12-26 08:58:25,247 connect_device 13492 16336 SSH 隧道建立成功，本地端口: 7352 -> adb-proxy:25091
INFO 2025-12-26 08:58:25,250 connect_device 13492 7008 开始监听本地端口: 7352
INFO 2025-12-26 08:58:28,434 connect_device 13492 16336 ADB连接成功: connected to localhost:7352
INFO 2025-12-26 08:58:38,436 task_manager 13492 16336 Task task_1766710702182_1 completed successfully for device VMOS001
INFO 2025-12-26 09:00:03,874 autoreload   13492 13460 D:\Project\RpaTikTok\rpa_tiktok\rpa_tiktok\connect_device.py changed, reloading.
INFO 2025-12-26 09:00:06,163 autoreload   14772 12720 Watching for file changes with StatReloader
INFO 2025-12-26 09:01:04,783 task_manager 14772 15092 Creating new thread for device VMOS001
INFO 2025-12-26 09:01:04,784 task_manager 14772 4032 Device thread started for device VMOS001
INFO 2025-12-26 09:01:04,784 task_manager 14772 15092 Added task task_1766710864783_1 to device VMOS001 queue
INFO 2025-12-26 09:01:04,784 task_manager 14772 4032 Executing task task_1766710864783_1 for device VMOS001
INFO 2025-12-26 09:01:04,785 views        14772 15092 Task task_1766710864783_1 added to device VMOS001 queue. Current queue size: 0
INFO 2025-12-26 09:01:04,786 views        14772 4032 连接设备VMOS001
INFO 2025-12-26 09:01:05,431 vmos         14772 4032 {'username': '10.8.2.30_1766665945968', 'hostname': '129.227.134.130', 'port': '1824', 'local_port': '7352', 'remote_host': 'adb-proxy', 'remote_port': '25091', 'password': '0poAU+yK7h9jYBTG0R918ULtIz4Qf4k9txWXtGlk2aHcEWM1WEkigTgyeEaBB1TZQMsAPKUJw4ntpuNBMN1OmQ=='}
INFO 2025-12-26 09:01:05,464 connect_device 14772 4032 正在为设备 VMOS001 创建SSH连接: 10.8.2.30_1766665945968@129.227.134.130:1824
INFO 2025-12-26 09:01:05,506 connect_device 14772 4032 端口转发配置: localhost:10001 -> adb-proxy:25091
INFO 2025-12-26 09:01:06,253 transport    14772 13892 Connected (version 2.0, client OpenSSH_9.6p1)
INFO 2025-12-26 09:01:07,552 transport    14772 13892 Authentication (password) successful!
INFO 2025-12-26 09:01:07,553 connect_device 14772 4032 SSH 隧道建立成功，本地端口: 10001 -> adb-proxy:25091
INFO 2025-12-26 09:01:07,553 connect_device 14772 15924 开始监听本地端口: 10001
INFO 2025-12-26 09:01:09,127 connect_device 14772 4032 ADB连接成功: connected to localhost:10001
INFO 2025-12-26 09:01:19,128 task_manager 14772 4032 Task task_1766710864783_1 completed successfully for device VMOS001
INFO 2025-12-26 09:06:19,139 task_manager 14772 4032 Device thread for VMOS001 timed out after 300 seconds, releasing...
INFO 2025-12-26 09:06:19,145 task_manager 14772 4032 Device thread stopped for device VMOS001
INFO 2025-12-26 09:06:32,046 autoreload   14772 12720 D:\Project\RpaTikTok\rpa_tiktok\rpa_tiktok\connect_device.py changed, reloading.
INFO 2025-12-26 09:06:34,904 autoreload   5384 14160 Watching for file changes with StatReloader
INFO 2025-12-26 09:10:40,990 autoreload   5384 14160 D:\Project\RpaTikTok\rpa_tiktok\rpa_tiktok\connect_device.py changed, reloading.
INFO 2025-12-26 09:10:44,864 autoreload   16228 15372 Watching for file changes with StatReloader
INFO 2025-12-26 09:11:15,921 autoreload   16228 15372 D:\Project\RpaTikTok\rpa_tiktok\rpa_tiktok\connect_device.py changed, reloading.
INFO 2025-12-26 09:11:18,607 autoreload   6924 14864 Watching for file changes with StatReloader
INFO 2025-12-26 09:12:08,000 autoreload   6924 14864 D:\Project\RpaTikTok\rpa_tiktok\rpa_tiktok\connect_device.py changed, reloading.
INFO 2025-12-26 09:12:10,529 autoreload   15808 15772 Watching for file changes with StatReloader
INFO 2025-12-26 09:12:19,653 autoreload   15808 15772 D:\Project\RpaTikTok\rpa_tiktok\rpa_tiktok\connect_device.py changed, reloading.
INFO 2025-12-26 09:12:22,547 autoreload   14664 4488 Watching for file changes with StatReloader
INFO 2025-12-26 09:15:40,544 autoreload   14664 4488 D:\Project\RpaTikTok\rpa_tiktok\rpa_tiktok\views.py changed, reloading.
INFO 2025-12-26 09:15:43,151 autoreload   976 5868 Watching for file changes with StatReloader
INFO 2025-12-26 09:18:51,248 autoreload   976 5868 D:\Project\RpaTikTok\rpa_tiktok\rpa_tiktok\views.py changed, reloading.
INFO 2025-12-26 09:18:54,102 autoreload   6152 11616 Watching for file changes with StatReloader
INFO 2025-12-26 10:49:39,812 autoreload   7712 12240 Watching for file changes with StatReloader
INFO 2025-12-26 10:49:46,119 task_manager 7712 15888 Creating new thread for device VMOS001
INFO 2025-12-26 10:49:46,155 task_manager 7712 15772 Device thread started for device VMOS001
INFO 2025-12-26 10:49:46,158 task_manager 7712 15888 Added task task_1766717386119_1 to device VMOS001 queue
INFO 2025-12-26 10:49:46,161 task_manager 7712 15772 Executing task task_1766717386119_1 for device VMOS001
INFO 2025-12-26 10:49:46,167 views        7712 15888 Task task_1766717386119_1 added to device VMOS001 queue. Current queue size: 0
INFO 2025-12-26 10:49:46,174 tiktok_post  7712 15772 VMOS001连接设备
INFO 2025-12-26 10:49:47,044 vmos         7712 15772 {'username': '10.8.2.30_1766665945968', 'hostname': '129.227.134.130', 'port': '1824', 'local_port': '7352', 'remote_host': 'adb-proxy', 'remote_port': '25091', 'password': '0poAU+yK7h9jYBTG0R918ULtIz4Qf4k9txWXtGlk2aHcEWM1WEkigTgyeEaBB1TZQMsAPKUJw4ntpuNBMN1OmQ=='}
INFO 2025-12-26 10:49:47,110 connect_device 7712 15772  VMOS001 正在为设备创建SSH连接: 10.8.2.30_1766665945968@129.227.134.130:1824
INFO 2025-12-26 10:49:47,196 connect_device 7712 15772  VMOS001 端口转发配置: localhost:10001 -> adb-proxy:25091
INFO 2025-12-26 10:49:47,971 transport    7712 3124 Connected (version 2.0, client OpenSSH_9.6p1)
INFO 2025-12-26 10:49:49,303 transport    7712 3124 Authentication (password) successful!
INFO 2025-12-26 10:49:49,304 connect_device 7712 15772 VMOS001SSH 隧道建立成功，本地端口: 10001 -> adb-proxy:25091
INFO 2025-12-26 10:49:49,305 connect_device 7712 16136 开始监听本地端口: 10001
INFO 2025-12-26 10:49:52,301 connect_device 7712 15772 ADB连接成功: connected to localhost:10001
INFO 2025-12-26 10:49:56,022 tiktok_post  7712 15772 正在通过中转推送: E:\20251226VMOS001.mp4=>/data/local/tmp/E:\20251226VMOS001.mp4
INFO 2025-12-26 10:50:13,633 tiktok_post  7712 15772 正在通过shell移动: /data/local/tmp/E:\20251226VMOS001.mp4=>/sdcard/Download/E:\20251226VMOS001.mp4
INFO 2025-12-26 10:53:40,984 autoreload   15664 3348 Watching for file changes with StatReloader
INFO 2025-12-26 10:54:11,595 task_manager 15664 7228 Creating new thread for device VMOS001
INFO 2025-12-26 10:54:11,597 task_manager 15664 7924 Device thread started for device VMOS001
INFO 2025-12-26 10:54:11,598 task_manager 15664 7924 Executing task task_1766717651595_1 for device VMOS001
INFO 2025-12-26 10:54:11,597 task_manager 15664 7228 Added task task_1766717651595_1 to device VMOS001 queue
INFO 2025-12-26 10:54:11,599 tiktok_post  15664 7924 VMOS001连接设备
INFO 2025-12-26 10:54:11,599 views        15664 7228 Task task_1766717651595_1 added to device VMOS001 queue. Current queue size: 0
INFO 2025-12-26 10:54:12,447 vmos         15664 7924 {'username': '10.8.2.30_1766665945968', 'hostname': '129.227.134.130', 'port': '1824', 'local_port': '7352', 'remote_host': 'adb-proxy', 'remote_port': '25091', 'password': '0poAU+yK7h9jYBTG0R918ULtIz4Qf4k9txWXtGlk2aHcEWM1WEkigTgyeEaBB1TZQMsAPKUJw4ntpuNBMN1OmQ=='}
INFO 2025-12-26 10:54:12,448 connect_device 15664 7924  VMOS001 正在为设备创建SSH连接: 10.8.2.30_1766665945968@129.227.134.130:1824
INFO 2025-12-26 10:54:12,449 connect_device 15664 7924  VMOS001 端口转发配置: localhost:10001 -> adb-proxy:25091
INFO 2025-12-26 10:54:13,216 transport    15664 16228 Connected (version 2.0, client OpenSSH_9.6p1)
INFO 2025-12-26 10:54:14,486 transport    15664 16228 Authentication (password) successful!
INFO 2025-12-26 10:54:14,518 connect_device 15664 7924 VMOS001SSH 隧道建立成功，本地端口: 10001 -> adb-proxy:25091
INFO 2025-12-26 10:54:14,518 connect_device 15664 12696 开始监听本地端口: 10001
INFO 2025-12-26 10:54:17,485 connect_device 15664 7924 ADB连接成功: connected to localhost:10001
INFO 2025-12-26 10:54:20,935 tiktok_post  15664 7924 正在通过中转推送: E:/20251226VMOS001.mp4=>/data/local/tmp/20251226VMOS001.mp4
INFO 2025-12-26 10:54:38,513 tiktok_post  15664 7924 正在通过shell移动: /data/local/tmp/20251226VMOS001.mp4=>/sdcard/Download/20251226VMOS001.mp4
INFO 2025-12-26 10:54:39,545 tiktok_post  15664 7924 视频已成功就绪: /sdcard/Download/20251226VMOS001.mp4
INFO 2025-12-26 10:55:00,267 tiktok_post  15664 7924 VMOS001点击发视频...
ERROR 2025-12-26 10:55:00,269 task_manager 15664 7924 Task task_1766717651595_1 failed for device VMOS001: name 'random' is not defined
INFO 2025-12-26 11:03:06,139 autoreload   16184 14396 Watching for file changes with StatReloader
INFO 2025-12-26 11:03:24,820 task_manager 16184 14636 Creating new thread for device VMOS001
INFO 2025-12-26 11:03:24,821 task_manager 16184 6616 Device thread started for device VMOS001
INFO 2025-12-26 11:03:24,821 task_manager 16184 14636 Added task task_1766718204819_1 to device VMOS001 queue
INFO 2025-12-26 11:03:24,822 task_manager 16184 6616 Executing task task_1766718204819_1 for device VMOS001
INFO 2025-12-26 11:03:24,825 views        16184 14636 Task task_1766718204819_1 added to device VMOS001 queue. Current queue size: 0
INFO 2025-12-26 11:03:24,826 tiktok_post  16184 6616 VMOS001连接设备
INFO 2025-12-26 11:03:25,511 vmos         16184 6616 {'username': '10.8.2.30_1766665945968', 'hostname': '129.227.134.130', 'port': '1824', 'local_port': '7352', 'remote_host': 'adb-proxy', 'remote_port': '25091', 'password': '0poAU+yK7h9jYBTG0R918ULtIz4Qf4k9txWXtGlk2aHcEWM1WEkigTgyeEaBB1TZQMsAPKUJw4ntpuNBMN1OmQ=='}
INFO 2025-12-26 11:03:25,512 connect_device 16184 6616  VMOS001 正在为设备创建SSH连接: 10.8.2.30_1766665945968@129.227.134.130:1824
INFO 2025-12-26 11:03:25,513 connect_device 16184 6616  VMOS001 端口转发配置: localhost:10001 -> adb-proxy:25091
INFO 2025-12-26 11:03:26,288 transport    16184 6152 Connected (version 2.0, client OpenSSH_9.6p1)
INFO 2025-12-26 11:03:27,654 transport    16184 6152 Authentication (password) successful!
INFO 2025-12-26 11:03:27,655 connect_device 16184 6616 VMOS001SSH 隧道建立成功，本地端口: 10001 -> adb-proxy:25091
INFO 2025-12-26 11:03:27,656 connect_device 16184 13316 开始监听本地端口: 10001
INFO 2025-12-26 11:03:30,639 connect_device 16184 6616 ADB连接成功: connected to localhost:10001
INFO 2025-12-26 11:03:45,622 tiktok_post  16184 6616 VMOS001点击发视频...
INFO 2025-12-26 11:03:52,972 tiktok_post  16184 6616 VMOS001选择相册...
INFO 2025-12-26 11:04:01,314 tiktok_post  16184 6616 VMOS001点击视频TAB...
INFO 2025-12-26 11:04:08,981 tiktok_post  16184 6616 VMOS001选择第一个视频...
INFO 2025-12-26 11:04:17,722 tiktok_post  16184 6616 VMOS001点击下一步...
INFO 2025-12-26 11:04:25,337 tiktok_post  16184 6616 VMOS001输入视频描述...
INFO 2025-12-26 11:04:31,481 tiktok_post  16184 6616 VMOS001点击发布...
INFO 2025-12-26 11:04:35,725 task_manager 16184 6616 Task task_1766718204819_1 completed successfully for device VMOS001
INFO 2025-12-26 11:09:35,737 task_manager 16184 6616 Device thread for VMOS001 timed out after 300 seconds, releasing...
INFO 2025-12-26 11:09:35,739 task_manager 16184 6616 Device thread stopped for device VMOS001
INFO 2025-12-26 11:11:44,523 autoreload   16184 14396 D:\Project\RpaTikTok\rpa_tiktok\rpa_tiktok\settings.py changed, reloading.
INFO  2025-12-26 11:11:46,830 autoreload           3588 15352 Watching for file changes with StatReloader
INFO  2025-12-26 11:12:20,269 autoreload           3588 15352 D:\Project\RpaTikTok\rpa_tiktok\rpa_tiktok\settings.py changed, reloading.
INFO  2025-12-26 11:12:22,550 autoreload      14136 11992 Watching for file changes with StatReloader
INFO  2025-12-26 11:12:35,817 autoreload      14136 11992 D:\Project\RpaTikTok\rpa_tiktok\rpa_tiktok\settings.py changed, reloading.
INFO  2025-12-26 11:12:38,118 autoreload       15364 5476 Watching for file changes with StatReloader
INFO  2025-12-26 11:16:17,943 task_manager     15364 15392 Creating new thread for device VMOS002
INFO  2025-12-26 11:16:17,944 task_manager     15364 13620 Device thread started for device VMOS002
INFO  2025-12-26 11:16:17,945 task_manager     15364 13620 Executing task task_1766718977943_1 for device VMOS002
INFO  2025-12-26 11:16:17,944 task_manager     15364 15392 Added task task_1766718977943_1 to device VMOS002 queue
INFO  2025-12-26 11:16:17,946 tiktok_post      15364 13620 VMOS002连接设备
INFO  2025-12-26 11:16:17,947 views            15364 15392 Task task_1766718977943_1 added to device VMOS002 queue. Current queue size: 0
INFO  2025-12-26 11:16:18,645 vmos             15364 13620 {'username': '10.8.14.150_1766641804584', 'hostname': '129.227.134.130', 'port': '1824', 'local_port': '9047', 'remote_host': 'adb-proxy', 'remote_port': '19060', 'password': 'OvLxyOwobQvO8VELuOIjXR5jSaLnzpEbEmjdKsQETEjpHgjeMVnDgByn8oVhJB9a13b/7jVVrVfXL+GTUpFI0A=='}
INFO  2025-12-26 11:16:18,646 connect_device   15364 13620  VMOS002 正在为设备创建SSH连接: 10.8.14.150_1766641804584@129.227.134.130:1824
INFO  2025-12-26 11:16:18,647 connect_device   15364 13620  VMOS002 端口转发配置: localhost:10002 -> adb-proxy:19060
INFO  2025-12-26 11:16:19,417 transport        15364 12584 Connected (version 2.0, client OpenSSH_9.6p1)
INFO  2025-12-26 11:16:20,733 transport        15364 12584 Authentication (password) successful!
INFO  2025-12-26 11:16:20,735 connect_device   15364 13620 VMOS002SSH 隧道建立成功，本地端口: 10002 -> adb-proxy:19060
INFO  2025-12-26 11:16:20,735 connect_device   15364 14640 开始监听本地端口: 10002
INFO  2025-12-26 11:16:22,144 connect_device   15364 13620 ADB连接成功: connected to localhost:10002
INFO  2025-12-26 11:16:37,469 tiktok_post      15364 13620 VMOS002点击发视频...
INFO  2025-12-26 11:16:45,343 tiktok_post      15364 13620 VMOS002选择相册...
INFO  2025-12-26 11:16:55,029 tiktok_post      15364 13620 VMOS002点击视频TAB...
INFO  2025-12-26 11:17:03,298 tiktok_post      15364 13620 VMOS002选择第一个视频...
INFO  2025-12-26 11:17:12,940 tiktok_post      15364 13620 VMOS002点击下一步...
ERROR 2025-12-26 11:17:34,468 task_manager     15364 13620 Task task_1766718977943_1 failed for device VMOS002: {'code': -32002, 'data': "Selector [text='Next']", 'method': 'wait'}
INFO  2025-12-26 11:19:03,594 autoreload       7736 14756 Watching for file changes with StatReloader
INFO  2025-12-26 11:19:14,931 autoreload       7736 14756 D:\Project\RpaTikTok\rpa_tiktok\rpa_tiktok\tiktok_post.py changed, reloading.
INFO  2025-12-26 11:19:17,473 autoreload       5788 15536 Watching for file changes with StatReloader
INFO  2025-12-26 11:20:45,151 task_manager     5788 14748 Creating new thread for device VMOS002
INFO  2025-12-26 11:20:45,152 task_manager     5788 15728 Device thread started for device VMOS002
INFO  2025-12-26 11:20:45,153 task_manager     5788 14748 Added task task_1766719245151_1 to device VMOS002 queue
INFO  2025-12-26 11:20:45,155 task_manager     5788 15728 Executing task task_1766719245151_1 for device VMOS002
INFO  2025-12-26 11:20:45,155 tiktok_post      5788 15728 VMOS002连接设备
INFO  2025-12-26 11:20:45,155 views            5788 14748 Task task_1766719245151_1 added to device VMOS002 queue. Current queue size: 0
INFO  2025-12-26 11:20:45,910 vmos             5788 15728 {'username': '10.8.14.150_1766641804584', 'hostname': '129.227.134.130', 'port': '1824', 'local_port': '9047', 'remote_host': 'adb-proxy', 'remote_port': '19060', 'password': 'OvLxyOwobQvO8VELuOIjXR5jSaLnzpEbEmjdKsQETEjpHgjeMVnDgByn8oVhJB9a13b/7jVVrVfXL+GTUpFI0A=='}
INFO  2025-12-26 11:20:45,910 connect_device   5788 15728  VMOS002 正在为设备创建SSH连接: 10.8.14.150_1766641804584@129.227.134.130:1824
INFO  2025-12-26 11:20:45,911 connect_device   5788 15728  VMOS002 端口转发配置: localhost:10002 -> adb-proxy:19060
INFO  2025-12-26 11:20:46,649 transport        5788 6688 Connected (version 2.0, client OpenSSH_9.6p1)
INFO  2025-12-26 11:20:47,935 transport        5788 6688 Authentication (password) successful!
INFO  2025-12-26 11:20:47,963 connect_device   5788 16104 开始监听本地端口: 10002
INFO  2025-12-26 11:20:47,963 connect_device   5788 15728 VMOS002SSH 隧道建立成功，本地端口: 10002 -> adb-proxy:19060
INFO  2025-12-26 11:20:50,927 connect_device   5788 15728 ADB连接成功: connected to localhost:10002
INFO  2025-12-26 11:20:54,812 tiktok_post      5788 15728 正在通过中转推送: E:/20251226VMOS002.mp4=>/data/local/tmp/20251226VMOS002.mp4
INFO  2025-12-26 11:22:24,828 tiktok_post      5788 15728 正在通过shell移动: /data/local/tmp/20251226VMOS002.mp4=>/sdcard/Download/20251226VMOS002.mp4
INFO  2025-12-26 11:22:26,024 tiktok_post      5788 15728 视频已成功就绪: /sdcard/Download/20251226VMOS002.mp4
INFO  2025-12-26 11:22:46,815 tiktok_post      5788 15728 VMOS002点击发视频...
INFO  2025-12-26 11:22:55,098 tiktok_post      5788 15728 VMOS002选择相册...
INFO  2025-12-26 11:23:02,363 tiktok_post      5788 15728 VMOS002点击视频TAB...
INFO  2025-12-26 11:23:09,844 tiktok_post      5788 15728 VMOS002选择第一个视频...
INFO  2025-12-26 11:23:19,517 tiktok_post      5788 15728 VMOS002点击下一步...
INFO  2025-12-26 11:23:26,936 tiktok_post      5788 15728 VMOS002输入视频描述...
INFO  2025-12-26 11:23:33,117 tiktok_post      5788 15728 VMOS002点击发布...
INFO  2025-12-26 11:23:38,222 task_manager     5788 15728 Task task_1766719245151_1 completed successfully for device VMOS002
INFO  2025-12-26 11:28:38,228 task_manager     5788 15728 Device thread for VMOS002 timed out after 300 seconds, releasing...
INFO  2025-12-26 11:28:38,228 task_manager     5788 15728 Device thread stopped for device VMOS002
